82e090f3-bc42-4b27-93dd-a9b35d54f62c has l30_count:3 g30_count:25 invalid_count:20 
9d588d54-18b6-4f25-a1e8-4efb72880f87 has l30_count:0 g30_count:24 invalid_count:0 
250fecdb-2059-46d7-b5b5-9817c74fb5f6 has l30_count:0 g30_count:24 invalid_count:0 
898cc654-fe83-4e31-8e8f-fe0ab5ca2926 has l30_count:3 g30_count:0 invalid_count:65 
f01dec89-d24c-455e-aa1f-3eaa79e8842f has l30_count:0 g30_count:21 invalid_count:183 
224f4e5e-6e95-4105-ab30-7600f9693f0a has l30_count:0 g30_count:27 invalid_count:107 
d652ee9a-ee45-4b27-8585-6dcaae3a4f11 has l30_count:0 g30_count:15 invalid_count:131 
a2be6b94-fa37-45c0-83a5-feb1325c453c has l30_count:6 g30_count:6 invalid_count:54 
3d35b21b-9fe6-4fac-a0a8-43f6b5355abd has l30_count:5 g30_count:57 invalid_count:8 
85d90dbd-71d1-456c-8855-93d108c82e17 has l30_count:0 g30_count:46 invalid_count:71 
2fd8aed6-b8f0-4324-867b-d820b7dbd75a has l30_count:0 g30_count:15 invalid_count:42 
adbc36ea-ae3e-45f5-81cc-c6f0e82434a4 has l30_count:0 g30_count:0 invalid_count:328 
57bb3f20-9113-4187-a639-ed946b33d99e has l30_count:0 g30_count:21 invalid_count:66 
eb87a23a-4a45-46be-920a-a64a574a89b0 has l30_count:6 g30_count:27 invalid_count:59 
1dcec616-29bf-4b4a-a50b-dd87bc7811e1 has l30_count:6 g30_count:24 invalid_count:43 
1cb3e2f8-d46c-457d-817d-0e76be5aeee0 has l30_count:3 g30_count:18 invalid_count:45 
eca099d9-f924-4548-8190-1d243bf89e03 has l30_count:3 g30_count:39 invalid_count:195 
506a96a7-24a4-48b9-a9d8-7d8de2e62202 has l30_count:3 g30_count:22 invalid_count:103 
c6d218dc-f1cc-4cfe-a006-93fa9f7397b3 has l30_count:3 g30_count:22 invalid_count:58 
2703a272-edb0-4054-ab16-3ed871a96a67 has l30_count:0 g30_count:35 invalid_count:123 
d8d1ef12-3a43-4252-8aee-6e08182cac77 has l30_count:6 g30_count:29 invalid_count:57 
5603c2bd-53bd-4fd3-9b85-462436d86bdd has l30_count:58 g30_count:368 invalid_count:1046 
9755009a-0b86-4b13-8b29-c4b9cb941c6f has l30_count:0 g30_count:147 invalid_count:158 
43bdb45c-4b63-49f0-9cf8-4529ae074576 has l30_count:0 g30_count:8 invalid_count:56 
db470f22-3249-4970-86a3-3d6361066e2b has l30_count:3 g30_count:34 invalid_count:62 
a4d8014c-9aa5-4252-8e80-587b26adbfc7 has l30_count:53 g30_count:244 invalid_count:318 
a9c648d4-0419-4207-840f-6b6e3117d35d has l30_count:0 g30_count:441 invalid_count:75 
7863cf6c-b53a-46bc-b3a5-1b7e294aa385 has l30_count:17 g30_count:373 invalid_count:2603 
3df0cd14-0ca2-4490-997f-2d39850c1de2 has l30_count:1 g30_count:149 invalid_count:965 
d566296b-2e6b-4714-a9e0-0cc2522b277d has l30_count:3 g30_count:22 invalid_count:96 
402a0caf-2b4e-465b-8ee1-e24ffe07c177 has l30_count:3 g30_count:29 invalid_count:43 
6235432f-1e18-44f5-8432-a92ac578ccac has l30_count:0 g30_count:18 invalid_count:24 
c250d40f-5370-4d92-a017-8a866b01e7b1 has l30_count:0 g30_count:27 invalid_count:28 
5095b08e-e8ba-4bcd-8075-ef74a30be214 has l30_count:0 g30_count:10 invalid_count:107 
3db6afd6-7cda-4b30-90e9-5592cab0f82a has l30_count:0 g30_count:0 invalid_count:268 
7badd4c2-3bdc-4eb5-a09c-5327441c1804 has l30_count:0 g30_count:292 invalid_count:200 
1b760c78-0427-4ace-940d-fe6e87dce159 has l30_count:195 g30_count:301 invalid_count:168 
f95efa3e-dade-49c0-9131-cbebf52507fd has l30_count:101 g30_count:366 invalid_count:1104 
99895417-f2b6-42da-9fd3-649f72ddd4b4 has l30_count:9 g30_count:27 invalid_count:159 
df101014-3e13-4a9a-9fff-11ad470189fd has l30_count:0 g30_count:481 invalid_count:648 
8721e37a-a441-4e1d-9b46-24df466fe1cc has l30_count:79 g30_count:805 invalid_count:359 
7d3be010-5496-461b-a3d5-d420a4b05d16 has l30_count:95 g30_count:452 invalid_count:302 
4c61faca-b526-443e-9199-a7362bc31cdc has l30_count:51 g30_count:791 invalid_count:740 
55048834-4be6-487b-acc5-20d392a067ba has l30_count:4 g30_count:44 invalid_count:70 
b335f66b-4c74-4d37-be8f-f7722f3990bc has l30_count:6 g30_count:21 invalid_count:30 
3fb0d320-8a5a-4774-a6c3-a114bdfa11ee has l30_count:0 g30_count:187 invalid_count:739 
8b5e061a-2c3e-4e01-a43f-063e3714c192 has l30_count:32 g30_count:348 invalid_count:1845 
99bbe501-389d-4346-b7cb-ce840785246b has l30_count:0 g30_count:29 invalid_count:48 
4e7b2891-d8e9-4043-af49-b0c8afa6aced has l30_count:1 g30_count:0 invalid_count:0 
55c8d1eb-79e0-4d3e-83df-dfa7ca26bab4 has l30_count:132 g30_count:1172 invalid_count:1533 
c6435cfe-a002-4784-bd48-d849999a5e15 has l30_count:0 g30_count:176 invalid_count:25 
76b85a3b-ac87-41ab-b6a8-20d8d05b1e94 has l30_count:0 g30_count:23 invalid_count:106 
1f4e6e59-cc80-4b69-8fc4-91c061aaba91 has l30_count:15 g30_count:27 invalid_count:118 
e451e71d-19a9-491e-8c08-0b641159db12 has l30_count:0 g30_count:32 invalid_count:147 
a891e614-4c07-4ab2-bc8f-f2b4191f4243 has l30_count:0 g30_count:332 invalid_count:1017 
e04ed722-13be-449d-ad77-cad354c5f937 has l30_count:1 g30_count:16 invalid_count:58 
c592d243-f2b2-4f4f-af08-c5521cdffe63 has l30_count:55 g30_count:616 invalid_count:2802 
4d68b687-4e31-42f4-899c-ab6b81824544 has l30_count:0 g30_count:282 invalid_count:217 
2c5f773c-4020-4188-9576-faa529e4c944 has l30_count:0 g30_count:25 invalid_count:111 
a3e55518-0ac1-422a-8ed7-96b864457d48 has l30_count:0 g30_count:100 invalid_count:1638 
8a09f6da-a2d2-4553-8ff6-d551de3bfc4e has l30_count:708 g30_count:799 invalid_count:517 
6e9d5607-303d-40f3-9138-bb92063b1dd1 has l30_count:14 g30_count:315 invalid_count:1395 
972f84e7-9c06-4aab-83ce-29cb529df8d6 has l30_count:17 g30_count:640 invalid_count:491 
289d66cd-5e0f-409c-a20c-0fc996e3dd60 has l30_count:8 g30_count:29 invalid_count:38 
4e43fd4e-3d46-47a2-b079-4ffb4e6b6837 has l30_count:0 g30_count:53 invalid_count:29 
d47a0c97-779d-4da9-ac1d-c9c99528d35e has l30_count:68 g30_count:687 invalid_count:1916 
71c03605-02d6-4970-972f-ea46901876d9 has l30_count:0 g30_count:704 invalid_count:636 
fcbeddf2-5622-40c9-bfea-27ad303dcf9f has l30_count:0 g30_count:0 invalid_count:12 
9e18e589-bebb-400c-98c7-6bd19291db6f has l30_count:19 g30_count:72 invalid_count:692 
f0f35d54-09db-4248-a28f-04aff28dd76e has l30_count:3 g30_count:42 invalid_count:84 
bb4410ca-cc73-4939-9253-ea76a0d419c9 has l30_count:3 g30_count:27 invalid_count:70 
81ed6468-e6e1-483b-b8a6-c46bfdf95457 has l30_count:0 g30_count:54 invalid_count:1804 
8c2933e3-a714-44ed-b446-471b01a97683 has l30_count:6 g30_count:40 invalid_count:21 
b0a34d03-c5c2-47c9-95b2-885922629766 has l30_count:238 g30_count:277 invalid_count:419 
d4178a3b-6012-4813-a2b1-d11d7413f2b8 has l30_count:36 g30_count:295 invalid_count:1406 
d35bd9e8-5c8b-4f87-92ff-febb6c5ad415 has l30_count:6 g30_count:18 invalid_count:94 
96d5ac52-6c71-44f3-9201-1613d252c419 has l30_count:41 g30_count:41 invalid_count:416 
9213ddd0-035e-4f96-87c0-d941cf6acb51 has l30_count:3 g30_count:25 invalid_count:45 
af714b04-7271-479f-9084-514ff21bf692 has l30_count:26 g30_count:52 invalid_count:654 
c37b62c4-7581-4c1f-9ea2-f8063cae6711 has l30_count:3 g30_count:33 invalid_count:97 
2546d38e-f1bb-4762-afc1-2e79dda51d56 has l30_count:226 g30_count:1180 invalid_count:704 
5e161044-7412-42dc-a92b-432e00ffa98e has l30_count:30 g30_count:772 invalid_count:3302 
51731da6-087f-469c-9d3a-988a5de7ee7f has l30_count:52 g30_count:1256 invalid_count:1384 
065bf24b-f7ef-490b-afe8-b7258ec9c73c has l30_count:3 g30_count:35 invalid_count:151 
1ee3473f-0994-4e06-a655-54f505adc450 has l30_count:3 g30_count:24 invalid_count:45 
9eda1b7f-f400-49ac-b7c3-cf16a1140436 has l30_count:159 g30_count:887 invalid_count:1595 
eaac371c-e586-44f4-aa94-151b15f023dd has l30_count:3 g30_count:67 invalid_count:133 
4bf2c25b-1af3-49d4-8d52-fcfa46c5a749 has l30_count:15 g30_count:69 invalid_count:96 
25bf1720-1bdb-4cd7-8d42-f9d7a190e920 has l30_count:12 g30_count:21 invalid_count:174 
59440a15-f33e-4d62-abd4-eccfeaf02a34 has l30_count:83 g30_count:767 invalid_count:4640 
8294b33c-c9be-459a-8182-9400cdb07f8c has l30_count:0 g30_count:157 invalid_count:214 
186d66a9-71ff-493c-8b4f-13534bde4679 has l30_count:20 g30_count:387 invalid_count:1614 
08a20f42-79e8-4418-9eb6-07246070143d has l30_count:30 g30_count:869 invalid_count:4650 
292c97eb-3f75-4699-b0d8-377c0e27c410 has l30_count:241 g30_count:283 invalid_count:102 
ef1310c9-c33b-4273-850e-7dfc35ebaeab has l30_count:2 g30_count:38 invalid_count:46 
69788693-9ffb-4ccd-9b6b-e57f884b9448 has l30_count:3 g30_count:29 invalid_count:25 
e0247baf-2215-490c-a542-e4c1ef80489a has l30_count:5 g30_count:37 invalid_count:64 
2833390d-4c10-4962-8c35-27e456db4b91 has l30_count:0 g30_count:286 invalid_count:674 
fbe6beef-fa1c-456b-844b-4bd00b4c23ff has l30_count:279 g30_count:2043 invalid_count:4283 
04697d3e-0b41-4d08-93cd-dce622daf785 has l30_count:55 g30_count:139 invalid_count:199 
942f6cf5-b8c5-4fd6-b335-5c2defa863f7 has l30_count:6 g30_count:15 invalid_count:71 
58039730-bd5f-442e-b0ae-34f439611bc9 has l30_count:3 g30_count:29 invalid_count:279 
c1b879e1-13db-494e-afa5-0c9971957b6d has l30_count:0 g30_count:15 invalid_count:1153 
b1cfaf6b-182e-4df0-8ada-bf408ece8433 has l30_count:12 g30_count:45 invalid_count:45 
9721f3e8-f4cd-43b0-a06c-6eb6e4ba9b46 has l30_count:128 g30_count:592 invalid_count:431 
5bda53d9-c1b7-42e3-b4d7-bd22f8b6b45e has l30_count:74 g30_count:468 invalid_count:1379 
9c2f134f-9d7d-4394-8679-d93d71124488 has l30_count:12 g30_count:143 invalid_count:248 
7ae3cf82-47d9-4b37-897d-050eb4e7a4b7 has l30_count:0 g30_count:13 invalid_count:77 
4798f37e-9177-4e14-99bc-51129421a734 has l30_count:32 g30_count:228 invalid_count:2110 
144db4fa-e7c9-4c90-ac14-a808029cc47e has l30_count:9 g30_count:39 invalid_count:78 
080b925b-b882-403a-ba49-0d05d4b62fe7 has l30_count:30 g30_count:877 invalid_count:616 
1f7dfa7b-0d7d-42c0-bd9a-e0ec34f62813 has l30_count:66 g30_count:258 invalid_count:1169 
cced214f-4636-4d25-9399-289be5228d32 has l30_count:35 g30_count:732 invalid_count:1786 
2e0eb972-b76a-4482-92d6-f8ef06b3f5bc has l30_count:36 g30_count:212 invalid_count:2599 
2888125c-941f-43a9-a8d2-dec33549d261 has l30_count:0 g30_count:21 invalid_count:188 
11b9aff5-20b1-4e93-930f-7936cc303fbb has l30_count:4 g30_count:17 invalid_count:98 
1c05866a-a851-4ec8-b042-47a81e423f2d has l30_count:9 g30_count:9 invalid_count:0 
dd22036f-83e5-4abe-a3cf-246e8320fa24 has l30_count:9 g30_count:399 invalid_count:1629 
6fe2adca-8974-4774-bcc6-16025ec711f9 has l30_count:66 g30_count:583 invalid_count:980 
01ede7e1-84f7-4eef-951a-db5fad21b805 has l30_count:33 g30_count:311 invalid_count:73 
200f8cad-2069-4dcb-9cf4-ef5be4169631 has l30_count:269 g30_count:769 invalid_count:344 
f4ead861-66fa-4088-8de6-54f0ac46f4df has l30_count:12 g30_count:24 invalid_count:72 
3d277d81-e7b7-4953-9597-45c7a9527838 has l30_count:0 g30_count:235 invalid_count:142 
12c99f39-e59f-4986-8a23-d8a440ae11bd has l30_count:0 g30_count:376 invalid_count:2622 
ef189edd-94a7-46be-aa8a-a88a46f8c3e5 has l30_count:1 g30_count:37 invalid_count:80 
252e8b4f-0b8d-489c-b3c3-b3e519f73262 has l30_count:16 g30_count:268 invalid_count:1555 
bcaaee3f-108d-4bfc-975f-1dbb322f1647 has l30_count:0 g30_count:50 invalid_count:118 
a6496ba3-70f6-4ce1-a464-3844f0ac706e has l30_count:238 g30_count:536 invalid_count:1043 
9e202aea-d1eb-4b37-831e-c5d10dc58688 has l30_count:3 g30_count:35 invalid_count:80 
8c1d7047-7628-48f2-b65c-f6dd44479c84 has l30_count:0 g30_count:537 invalid_count:705 
f9e8ede5-3f7c-4d75-80bd-ea1a1492f8a7 has l30_count:17 g30_count:649 invalid_count:1562 
a6c8d131-8247-4955-a8e5-cc84904e4465 has l30_count:0 g30_count:54 invalid_count:15 
b4621888-03c2-493b-a0fc-425b3f84fbf6 has l30_count:15 g30_count:36 invalid_count:96 
59f93412-0012-4f5b-a7fb-a98d2d752746 has l30_count:35 g30_count:415 invalid_count:270 
8cf8597f-eb39-408c-85e7-74ea5af970b8 has l30_count:28 g30_count:503 invalid_count:1699 
f4e38610-c8a1-4b1b-9982-54b4ee99509d has l30_count:0 g30_count:26 invalid_count:120 
bf335f0e-f37f-43c0-8933-15d4ecf0a43d has l30_count:62 g30_count:442 invalid_count:343 
7dbd5f23-3664-4a6e-86e3-59a1a48229d3 has l30_count:234 g30_count:414 invalid_count:1057 
081fdd6d-80a3-46a4-82b0-d7d19cea556b has l30_count:355 g30_count:978 invalid_count:1208 
6bf481db-93dc-468b-9c4d-e2df9154803a has l30_count:0 g30_count:30 invalid_count:105 
d150b7bf-c62f-4dfa-804d-630c4f3a63b7 has l30_count:330 g30_count:1630 invalid_count:2771 
3158198e-e4c5-433d-87a8-08aa10927494 has l30_count:19 g30_count:127 invalid_count:296 
c4bd3036-f722-4149-92e7-ae5d48345556 has l30_count:0 g30_count:517 invalid_count:463 
fa7a07d0-483e-4e44-9eb4-f88245d209da has l30_count:46 g30_count:1335 invalid_count:528 
d77ed814-27a2-4f47-9c77-9e8b148e6bb8 has l30_count:3 g30_count:27 invalid_count:39 
ffb513a2-8eb2-48a6-be39-56c30717bf26 has l30_count:5 g30_count:80 invalid_count:101 
217e52ed-6a7f-4826-8449-dde1b6c64c47 has l30_count:6 g30_count:12 invalid_count:112 
7cb6ff8b-f78b-4b8e-99cb-04ad1980424b has l30_count:100 g30_count:339 invalid_count:439 
1e027446-eeb2-46ba-9520-4b55ca75a349 has l30_count:218 g30_count:1358 invalid_count:2248 
217315e6-797d-4635-b5bf-e7c0562145cd has l30_count:67 g30_count:449 invalid_count:1966 
f53a02b1-31c5-4352-9412-9d60a57e4d9c has l30_count:6 g30_count:26 invalid_count:162 
e1419618-c8a6-48d0-a22b-08c1f898d0f9 has l30_count:3 g30_count:21 invalid_count:47 
c1531cc3-4dae-4b69-87fc-7aef0fe36751 has l30_count:27 g30_count:331 invalid_count:2880 
68051ec7-519f-4ead-b834-bc050702e88a has l30_count:3 g30_count:27 invalid_count:69 
5a5aa0b2-5b1f-4d4d-90c0-723f80e92ed6 has l30_count:3 g30_count:27 invalid_count:66 
f5d34158-54bc-4afe-9c0b-60e6aa9bde2f has l30_count:9 g30_count:978 invalid_count:2803 
0a7b6a46-d0db-42c2-8d34-cb21e13473f5 has l30_count:3 g30_count:9 invalid_count:27 
3c4cf14b-4085-46ce-9b85-dad7de448180 has l30_count:48 g30_count:266 invalid_count:1241 
fb598e1e-fc7d-4a82-ab74-a536ddbe0069 has l30_count:34 g30_count:477 invalid_count:1363 
526d7460-63c8-4e7f-8f52-afe4a8d4e2dc has l30_count:171 g30_count:638 invalid_count:1212 
4b1d13a0-dcb7-45c8-b9eb-5f34c3becfdd has l30_count:0 g30_count:340 invalid_count:400 
951b9542-fe8e-4acd-bfc3-ee0130318d7a has l30_count:99 g30_count:1138 invalid_count:783 
c50c9ce6-e19a-4b69-a522-efb2152505e4 has l30_count:43 g30_count:1489 invalid_count:1785 
e11a4c25-417e-49ed-9e91-61dbe50992c5 has l30_count:0 g30_count:42 invalid_count:18 
db739293-07b1-4cb5-b324-3939c4282609 has l30_count:102 g30_count:568 invalid_count:1804 
defd72b7-a0a1-4068-b795-b0f6309911c4 has l30_count:24 g30_count:261 invalid_count:350 
66ae0c93-f158-4f5b-a814-20de6344e327 has l30_count:50 g30_count:1371 invalid_count:1122 
c1a654a1-bfb3-4ebb-b07b-56acdcc2a1ae has l30_count:0 g30_count:9 invalid_count:98 
0904fae8-aaa2-4fec-83a4-38fa6a1cbe01 has l30_count:9 g30_count:43 invalid_count:29 
efce7275-f60e-44ca-a2fe-a1655f656d63 has l30_count:42 g30_count:551 invalid_count:1134 
4c783ae8-0783-469e-824d-bee7d3a6dad7 has l30_count:0 g30_count:619 invalid_count:935 
0bc122bb-a3f1-4fc6-9940-efd54a607988 has l30_count:24 g30_count:411 invalid_count:1384 
933570a3-d1ae-4afc-a887-55ca4b97fab4 has l30_count:0 g30_count:14 invalid_count:162 
ccb90a35-1029-4189-8b68-d92d2354369b has l30_count:0 g30_count:20 invalid_count:45 
3aacc808-944e-49b2-9780-bb8f7d5687d2 has l30_count:396 g30_count:589 invalid_count:205 
9bd0fa3e-427e-4e04-9468-f260681d9352 has l30_count:6 g30_count:6 invalid_count:105 
0c458e17-865f-4ba7-9ed3-3bcc0ba77944 has l30_count:6 g30_count:1450 invalid_count:800 
b3df32e3-2927-4438-abc2-c230f40b4cf1 has l30_count:29 g30_count:139 invalid_count:228 
c0685fa2-2a05-4177-adc4-49e700700391 has l30_count:0 g30_count:56 invalid_count:2022 
64efb13b-13b8-4295-9832-612914e32764 has l30_count:0 g30_count:8 invalid_count:125 
1d3d35dc-97de-403d-a780-89ded45d69f5 has l30_count:0 g30_count:9 invalid_count:103 
ce794d50-2400-4223-8bed-b14e939ebf0d has l30_count:123 g30_count:513 invalid_count:709 
2ecb4858-1555-48a9-b98c-369641b2e488 has l30_count:3 g30_count:130 invalid_count:2541 
c3c713cf-cdd2-4e57-81bb-ee2e42621788 has l30_count:463 g30_count:1419 invalid_count:1929 
24f74f67-a34d-4ce2-96b4-63118c453e6f has l30_count:3 g30_count:983 invalid_count:1588 
0c846651-addf-4ba8-9d33-7c9b1e9e4fd4 has l30_count:0 g30_count:26 invalid_count:83 
8596edf5-a4ab-47cd-9a3e-a911e59f87c3 has l30_count:3 g30_count:27 invalid_count:78 
067b3c58-2254-49c4-b2d9-fc2daf011602 has l30_count:18 g30_count:15 invalid_count:15 
c21b9326-b31d-4397-84b6-5ece903ce263 has l30_count:24 g30_count:1850 invalid_count:1691 
d6a4bd42-625a-4485-9dff-facaa198c7c9 has l30_count:6 g30_count:15 invalid_count:45 
51c6cf08-3dcf-4c6c-af79-785721685900 has l30_count:25 g30_count:33 invalid_count:9 
11a5c471-f349-4c77-9aeb-fa7b312d187f has l30_count:128 g30_count:373 invalid_count:1271 
08d4c4a2-1d79-4463-94e6-bb569c712957 has l30_count:374 g30_count:2135 invalid_count:1496 
869f11c3-bbb5-4eef-9c46-e1f610dfb71b has l30_count:12 g30_count:0 invalid_count:0 
e10cbf62-4ae2-4f46-9e8a-b9a2cb98031d has l30_count:87 g30_count:765 invalid_count:2512 
6e593600-a515-4e1c-9cc8-a6fb12c53f8b has l30_count:12 g30_count:48 invalid_count:126 
71d1763f-5545-425e-a4b4-6e1554e79710 has l30_count:0 g30_count:360 invalid_count:488 
f58b36b5-b417-462a-b5e2-e4c9eb8612ae has l30_count:3 g30_count:12 invalid_count:85 
b92e7e85-5bb0-45f2-88ce-4fad22591060 has l30_count:0 g30_count:351 invalid_count:706 
3354fc22-cf52-421a-b2e7-18a836851827 has l30_count:5 g30_count:24 invalid_count:171 
2af535b2-86c2-4515-b7bb-e83a81cc4c4a has l30_count:109 g30_count:1285 invalid_count:1481 
64cb0e7a-aab7-4a32-963a-d0dd8103ac8a has l30_count:24 g30_count:72 invalid_count:569 
fb7a2e62-80f9-4788-8434-4b28a8ab5450 has l30_count:15 g30_count:977 invalid_count:881 
62755746-7908-4b56-9fb7-8291bed7c1f9 has l30_count:0 g30_count:31 invalid_count:150 
b4559c80-87df-4513-9cee-2a3193714969 has l30_count:0 g30_count:17 invalid_count:55 
915f76b4-3b31-4b24-92af-44b5727ef9be has l30_count:0 g30_count:364 invalid_count:1129 
34a821c0-0cdd-47fa-a53b-7e060b295460 has l30_count:0 g30_count:244 invalid_count:162 
b17fb0b7-dba7-43a8-b0ac-9865e5582597 has l30_count:0 g30_count:272 invalid_count:1702 
eb9d7a73-d52f-4e3a-bcb5-ff455e4c222a has l30_count:61 g30_count:414 invalid_count:2272 
74994bc1-4356-41bd-9a60-da2936295c2e has l30_count:91 g30_count:434 invalid_count:1057 
19887479-f80f-4d31-b367-c55fb22d0286 has l30_count:132 g30_count:895 invalid_count:2581 
190f9f74-5c92-4e6f-a475-b1d0f4be9294 has l30_count:3 g30_count:571 invalid_count:2143 
eacf90a3-852f-4c37-88d7-546807c2b0a6 has l30_count:1 g30_count:572 invalid_count:1440 
4ddc0242-61bb-453e-b7be-2d8accf5e0cc has l30_count:11 g30_count:251 invalid_count:2856 
50305330-e1a5-4923-83b6-0bdc4da96820 has l30_count:12 g30_count:18 invalid_count:47 
b8f929c4-42b4-4fa2-af00-ef3f82e25de9 has l30_count:45 g30_count:458 invalid_count:224 
6e0f7a75-156f-4a37-815c-ee9653fc7875 has l30_count:4 g30_count:38 invalid_count:76 
c8b6397c-bf39-4880-8e05-d4f91ed0aaa6 has l30_count:3 g30_count:28 invalid_count:58 
db0dc580-7bf8-407a-9d2c-fb7c1615388c has l30_count:45 g30_count:434 invalid_count:524 
d139a7da-1276-4199-9d56-8429085877cf has l30_count:3 g30_count:6 invalid_count:42 
c72789ef-5ba8-4dbe-a865-28be557ddb97 has l30_count:6 g30_count:22 invalid_count:78 
42c58738-f298-4716-81ff-351796c6fcb0 has l30_count:0 g30_count:362 invalid_count:850 
80041952-df4f-472e-b45b-6a59484f3747 has l30_count:12 g30_count:48 invalid_count:103 
92315f58-d9aa-4e72-8f21-c6c1131e5699 has l30_count:0 g30_count:240 invalid_count:573 
11ece078-24e2-45cc-bd84-4dee6a77a669 has l30_count:39 g30_count:91 invalid_count:448 
4d348ee1-6c4b-4660-b577-513398a32d41 has l30_count:0 g30_count:399 invalid_count:915 
eea2730a-4c2e-4ae4-b5ca-b4cea1f92060 has l30_count:57 g30_count:551 invalid_count:2501 
3d47903c-e8b1-40c4-9b25-3649567b601a has l30_count:44 g30_count:514 invalid_count:2976 
d258158f-5bbb-42f4-abcd-5f7f58930a47 has l30_count:10 g30_count:50 invalid_count:154 
199f39f2-6bde-4bfa-ae05-422a3cbe9ec5 has l30_count:183 g30_count:466 invalid_count:1658 
7f36482e-7c2f-4b88-8b5e-565153e258cb has l30_count:0 g30_count:251 invalid_count:3061 
2e70d303-8ceb-4def-8014-26e438a79c43 has l30_count:2 g30_count:3 invalid_count:63 
f1ff43cb-c675-48d1-858d-8053281e928c has l30_count:3 g30_count:6 invalid_count:99 
75326447-357d-4faa-99bd-c8e310ca1800 has l30_count:0 g30_count:530 invalid_count:927 
c97f36f1-e8d8-450f-9181-83c81b899209 has l30_count:45 g30_count:127 invalid_count:132 
a650d6d2-24fd-468c-bc49-41526a487193 has l30_count:55 g30_count:80 invalid_count:710 
5c133fe4-0465-4d35-8e2b-7228ade33d8d has l30_count:3 g30_count:9 invalid_count:63 
db6b7eb7-27af-4671-9c35-830b4c21c1b0 has l30_count:9 g30_count:24 invalid_count:60 
0701c538-ce2a-490d-a5ba-3cb2853b6cfb has l30_count:2 g30_count:75 invalid_count:1901 
5a489e6b-3dc5-4465-a701-4d9bd53ce9f4 has l30_count:49 g30_count:481 invalid_count:651 
5c4107db-757b-4df6-b34c-adc511d48c14 has l30_count:0 g30_count:257 invalid_count:1172 
254f577d-352f-4d3f-affa-94b2fa1656da has l30_count:3 g30_count:42 invalid_count:24 
8f35d907-32dc-4caf-a14e-509a890d5143 has l30_count:3 g30_count:9 invalid_count:94 
70fecc1f-e626-406a-8886-0fcdc24ddecd has l30_count:55 g30_count:166 invalid_count:321 
b14df282-e779-4246-98ce-b17011a9324f has l30_count:0 g30_count:21 invalid_count:55 
d9833c95-2b9d-432b-905d-2e549dda4a3f has l30_count:161 g30_count:1167 invalid_count:2655 
0adddef1-cdab-47d1-b24d-1be87b1ff8bd has l30_count:25 g30_count:421 invalid_count:1324 
6922f859-8cd6-4858-849e-448d095ce091 has l30_count:6 g30_count:46 invalid_count:100 
55651473-eea6-44b3-9342-a712b981c5f8 has l30_count:6 g30_count:18 invalid_count:71 
82520d8c-d30a-44e3-b9e3-053b99ebb409 has l30_count:0 g30_count:3 invalid_count:705 
d6f6a1fe-93a6-4a5c-8916-b9bbcbbcda46 has l30_count:3 g30_count:6 invalid_count:49 
c6ac38d8-caf6-46f4-bd11-f826bfeb9361 has l30_count:34 g30_count:508 invalid_count:776 
865cb35d-e39f-4b8c-b4c2-4691845cfc1c has l30_count:35 g30_count:898 invalid_count:788 
71dbc9b4-efe5-4dc8-8cfd-906daf87aff7 has l30_count:11 g30_count:4 invalid_count:130 
d951de6d-8640-43f8-ae99-36ea4f84008a has l30_count:44 g30_count:775 invalid_count:2319 
20c95c48-af2d-4735-86ad-12bf229371ae has l30_count:7 g30_count:22 invalid_count:105 
4452d6ed-71e9-450d-ab68-dca3bb7283f6 has l30_count:0 g30_count:21 invalid_count:33 
c5f64a0a-b7dc-4f94-b0f7-6e663f033ab1 has l30_count:47 g30_count:464 invalid_count:112 
33d8943e-45b1-4d2c-99e2-adca08d8bde0 has l30_count:0 g30_count:32 invalid_count:104 
98698a42-cfa9-4daf-b255-af267c90e4d6 has l30_count:60 g30_count:481 invalid_count:1495 
1fc76c61-3770-43e9-8546-90ac2c0cf6fb has l30_count:0 g30_count:24 invalid_count:44 
6013180f-9070-4560-958a-f339442bf40f has l30_count:2 g30_count:43 invalid_count:75 
124842c0-1899-4767-9a91-38feef6d8470 has l30_count:251 g30_count:669 invalid_count:743 
f0d0286c-c798-4381-8269-cf0d2e937856 has l30_count:717 g30_count:916 invalid_count:1404 
21f12b46-dbb1-41c1-8683-ae8a662c0abd has l30_count:40 g30_count:130 invalid_count:2418 
957bf877-0a4d-4e8e-8b85-dbca27ee388e has l30_count:10 g30_count:537 invalid_count:2085 
e7fee82c-0845-4059-8779-f078f858d1b0 has l30_count:200 g30_count:1472 invalid_count:1427 
10229dbe-9b43-4040-991b-8383b1b1808f has l30_count:0 g30_count:12 invalid_count:36 
b0650e96-cce6-4cc9-87fe-877f13b21dae has l30_count:10 g30_count:94 invalid_count:192 
91c0c1c1-153c-4bd5-b727-150176a99e5b has l30_count:700 g30_count:1635 invalid_count:1675 
8d40f71a-9939-47cd-9d29-0cdc1c558a97 has l30_count:3 g30_count:3 invalid_count:96 
3b6ca16f-e261-4294-a834-ece5c0ae4022 has l30_count:19 g30_count:755 invalid_count:331 
7bb9b001-817b-4c2b-9f8f-e6a67ba2c595 has l30_count:2 g30_count:34 invalid_count:57 
73c20882-7c61-476d-a1c2-b6dc056a1235 has l30_count:123 g30_count:1033 invalid_count:845 
6151a9a5-4916-4fdc-95a1-e8ba005c20df has l30_count:14 g30_count:144 invalid_count:3170 
5b943bac-5299-4156-8977-6afa902dad6c has l30_count:9 g30_count:40 invalid_count:52 
f7935319-63cc-415a-a6fb-4eee998bf9d7 has l30_count:7 g30_count:26 invalid_count:262 
71ff2af6-c7db-4cca-ad98-736db08abf89 has l30_count:0 g30_count:39 invalid_count:28 
e4e83673-4007-46e0-a67b-31319d69dead has l30_count:6 g30_count:183 invalid_count:2635 
16c9e5fd-2c87-40a6-8a50-450f2e022f44 has l30_count:0 g30_count:244 invalid_count:1097 
4bbc9217-95f0-4101-95ba-5661cf8b1ac3 has l30_count:58 g30_count:576 invalid_count:1015 
a7431f47-96c8-4016-99ad-80d40bda0745 has l30_count:64 g30_count:655 invalid_count:588 
91cf5564-4e4f-45ca-9b01-1a8d56905e7d has l30_count:55 g30_count:587 invalid_count:442 
1e65bc2c-a1da-4c54-9b87-c2dadea0a7cc has l30_count:16 g30_count:45 invalid_count:33 
911d536f-2e8b-4f33-8e6e-44683fcba72d has l30_count:53 g30_count:711 invalid_count:689 
0472c269-a0ca-4a95-9826-54f661349740 has l30_count:0 g30_count:18 invalid_count:30 
7cb52dff-3b18-4178-a76e-343014f1c7de has l30_count:175 g30_count:2974 invalid_count:5397 
99e340c1-4afd-4d50-a6d5-ffea92f1e39c has l30_count:14 g30_count:505 invalid_count:178 
6b219ac8-233a-4e19-9eff-1e6f13cb7caa has l30_count:3 g30_count:21 invalid_count:47 
4f5ff9f6-2f23-4a03-8e2a-256237bd9eae has l30_count:114 g30_count:1735 invalid_count:2212 
e8c169d6-9b5e-48c5-bc14-e8b3a0b16489 has l30_count:3 g30_count:15 invalid_count:0 
13245914-48e7-492f-9207-0efaef400ddc has l30_count:0 g30_count:30 invalid_count:149 
0bd2b5fe-8200-4ee8-9b1d-48255cd616e7 has l30_count:17 g30_count:61 invalid_count:2259 
2f506e8e-2d14-45e2-97d7-7244b8199930 has l30_count:6 g30_count:36 invalid_count:45 
85cc534a-0220-4a7e-a282-4056ca0b20f8 has l30_count:5 g30_count:445 invalid_count:3885 
716ef9e2-d307-4482-b049-404d0a5143cb has l30_count:3 g30_count:85 invalid_count:423 
94d32245-3eb7-4674-9e95-b631f721c2bf has l30_count:0 g30_count:24 invalid_count:84 
6750e48d-fbbd-44f1-a12d-a8a7e21af6f4 has l30_count:3 g30_count:34 invalid_count:68 
3d60dd30-30af-4780-9d21-f5230ed9546a has l30_count:115 g30_count:656 invalid_count:610 
f7d826cd-3f59-4b09-916f-bdad9edc15a2 has l30_count:235 g30_count:712 invalid_count:392 
6cd05ff1-0b6d-4408-9a9f-e9ff60c5510d has l30_count:51 g30_count:1956 invalid_count:1657 
64e0ea3d-d210-435f-b2bd-697fb8eb3ebd has l30_count:3 g30_count:18 invalid_count:69 
3fb43608-21f4-4972-9142-e97fd27b754a has l30_count:166 g30_count:727 invalid_count:664 
ecaf79d1-ec31-45f2-ae33-06ae4a965cb2 has l30_count:100 g30_count:309 invalid_count:365 
273fd131-41d5-4ada-aeca-7f8d106f9d11 has l30_count:0 g30_count:13 invalid_count:109 
cb5480f6-ee7b-4f90-aa4f-e986167cad11 has l30_count:9 g30_count:51 invalid_count:41 
7e9a601d-d766-4cf1-8c58-16ce1c176d8b has l30_count:3 g30_count:30 invalid_count:98 
d33ea8e2-d450-45de-baa3-ff064cc98e7f has l30_count:3 g30_count:71 invalid_count:168 
fd84e009-aad1-4470-bb64-10c4f5eb8727 has l30_count:4 g30_count:41 invalid_count:14 
a56d9389-e2b1-436e-bc9f-bb7d1aa84e69 has l30_count:0 g30_count:24 invalid_count:42 
055499dd-9cee-4530-944e-3b88a58a8499 has l30_count:0 g30_count:193 invalid_count:333 
ee4de498-0b4d-4ccd-a864-c3a5b1de90ce has l30_count:110 g30_count:1179 invalid_count:2726 
51227fcf-d227-4b68-80d3-fc6bc2e30a5f has l30_count:13 g30_count:174 invalid_count:1779 
f0c511bd-8b4b-405b-a79d-22a6e8c77b86 has l30_count:0 g30_count:12 invalid_count:173 
9da0e766-d86c-417f-8f6c-57cba68ddad5 has l30_count:6 g30_count:36 invalid_count:33 
c850768e-a7c3-4002-94e3-dbb4b9ff582b has l30_count:103 g30_count:272 invalid_count:954 
93b8648f-86a6-4f3d-8a90-2a04d8f2724f has l30_count:149 g30_count:345 invalid_count:306 
7574c16b-ff36-4448-808c-d91436cf914b has l30_count:189 g30_count:608 invalid_count:625 
e963d90d-6fb5-4384-b5af-53bd3337fc85 has l30_count:3 g30_count:50 invalid_count:67 
6c785f37-6b68-488e-960b-f59f83b79c46 has l30_count:3 g30_count:15 invalid_count:66 
71f93d0e-2c41-4f76-92c1-fe1e4935a62a has l30_count:12 g30_count:21 invalid_count:136 
ad3afa77-34b0-4a71-828e-0041b8cf7df4 has l30_count:0 g30_count:46 invalid_count:757 
7d3758a7-08ac-4139-b5fb-5576ccc6ae01 has l30_count:130 g30_count:414 invalid_count:3066 
45f1ef5a-caf9-4430-aac4-a8915624606f has l30_count:6 g30_count:257 invalid_count:208 
835c2a99-95e4-4c15-8841-ec8c69181834 has l30_count:9 g30_count:89 invalid_count:779 
1e5c8a77-e1b8-4798-8f34-58df70d4c21b has l30_count:0 g30_count:479 invalid_count:1019 
9dfd278d-5db8-41ff-aa63-c8c566e565f2 has l30_count:0 g30_count:374 invalid_count:595 
9f17ffe1-4f6a-4669-8204-43a3f18a010b has l30_count:0 g30_count:18 invalid_count:42 
ee09d553-f19a-4781-952c-1a432dbac598 has l30_count:0 g30_count:37 invalid_count:498 
921a00e6-1500-472b-ba77-b116ca34788f has l30_count:11 g30_count:626 invalid_count:1259 
81377c6b-d980-4fbb-9bbe-143814940df4 has l30_count:12 g30_count:39 invalid_count:67 
3fbb3df1-6b65-49ba-ae57-9ee29786560d has l30_count:0 g30_count:52 invalid_count:162 
3c00032a-f0d3-4b2c-a9b6-24f2c03e0cc2 has l30_count:3 g30_count:23 invalid_count:63 
eed8e56c-ed7f-4f66-9fbb-b3adffe6f7c6 has l30_count:4 g30_count:9 invalid_count:9 
37ff6e88-e138-439e-937a-a209127f4d5c has l30_count:160 g30_count:1391 invalid_count:492 
ee342293-8d90-456a-9fd7-b7e096532447 has l30_count:0 g30_count:75 invalid_count:3718 
c887cab3-1cde-43ac-b4d5-7b6b4bb6b227 has l30_count:3 g30_count:15 invalid_count:33 
d4960f3c-2ccb-4b89-8444-e20372998439 has l30_count:0 g30_count:9 invalid_count:37 
adf85841-aba7-4073-8483-ebbedaaecd1b has l30_count:30 g30_count:709 invalid_count:1728 
28ceb123-f4f2-4ae8-93ce-e48a2e65b1ef has l30_count:29 g30_count:1111 invalid_count:1929 
beac76fd-e02d-452c-bf3b-7906596d6510 has l30_count:0 g30_count:3 invalid_count:28 
4cdb07a7-86c2-4d0f-8048-7eba1175b0e9 has l30_count:30 g30_count:857 invalid_count:1702 
af0d3a04-4383-40d5-9310-c0318b3094f3 has l30_count:119 g30_count:342 invalid_count:478 
013d23f5-484e-4e83-8ac8-c753963d5f45 has l30_count:11 g30_count:551 invalid_count:321 
334ced19-b929-4fa3-82a4-f938d72ac605 has l30_count:141 g30_count:505 invalid_count:899 
14e86cce-efe1-431f-9bbb-266b8649502b has l30_count:79 g30_count:658 invalid_count:943 
bb3fcb3a-27a6-4243-bbe8-5983dafd700f has l30_count:35 g30_count:970 invalid_count:1317 
feeebb2b-5b6b-4b3a-88bc-9a0fbee41a3a has l30_count:7 g30_count:348 invalid_count:1226 
4932f997-0974-40bd-a584-5822fe5e07de has l30_count:0 g30_count:163 invalid_count:2857 
a01b0da6-7a6e-4ac7-a317-7b67dc07ebc2 has l30_count:0 g30_count:318 invalid_count:259 
b93bd49a-5de6-425e-bd38-38139018e11f has l30_count:3 g30_count:36 invalid_count:18 
50e7fe2f-3d41-4293-ae83-eff07cb28b04 has l30_count:0 g30_count:0 invalid_count:26 
457d1301-e032-4b22-bfb7-2a2706dfb2c7 has l30_count:3 g30_count:26 invalid_count:46 
4f7e6208-4c1d-4822-95e3-e7d87bb1af70 has l30_count:18 g30_count:30 invalid_count:18 
5dce3007-841d-41b8-a2f4-e09229d87609 has l30_count:108 g30_count:615 invalid_count:140 
a66af260-e0cb-4766-9072-caf293ef4068 has l30_count:3 g30_count:9 invalid_count:80 
f48947f1-42cc-4ccd-a172-a94a429ee61c has l30_count:0 g30_count:121 invalid_count:0 
a7a83a2a-1113-424a-85b1-b35016e59f63 has l30_count:3 g30_count:24 invalid_count:134 
fc64d6d2-78c0-4e60-8998-d92a85cfea4b has l30_count:50 g30_count:315 invalid_count:885 
1c77e7b4-e6ec-40d4-b6df-73272d866965 has l30_count:0 g30_count:22 invalid_count:74 
ad791454-57e2-4876-a7d9-c37d34d98043 has l30_count:3 g30_count:15 invalid_count:21 
7dd4ff91-cb3d-474a-a9d6-3a0ed74826c8 has l30_count:25 g30_count:404 invalid_count:6174 
307ae4e9-0742-452c-a1d9-293223e3f66a has l30_count:12 g30_count:58 invalid_count:11 
0909b4a3-2c9b-403c-a7ce-e2856a3baed4 has l30_count:0 g30_count:70 invalid_count:938 
4ebf495d-f6f2-42a7-8c8c-cf87623ca320 has l30_count:0 g30_count:12 invalid_count:10 
dda6e07d-8742-4b38-9db6-52032bd4bc6b has l30_count:8 g30_count:839 invalid_count:1649 
10eee0c2-d683-46e1-88ee-a4bbd991bab9 has l30_count:6 g30_count:57 invalid_count:93 
ad8f9613-cbaa-4d62-a8bc-3618ce0b3b6a has l30_count:0 g30_count:234 invalid_count:3842 
72db6193-8e53-4cc7-b1ce-3276e57b8721 has l30_count:3 g30_count:699 invalid_count:942 
ee02a68b-a3fc-451b-ba21-09067d3f0b56 has l30_count:6 g30_count:51 invalid_count:240 
0b859ec6-abb1-4048-b879-22ecb5e726d3 has l30_count:49 g30_count:2081 invalid_count:1302 
69f2d1e2-a204-4741-9b2d-94e051f7fdda has l30_count:94 g30_count:1127 invalid_count:1713 
d1441594-1e72-43de-8ee9-166b9d152515 has l30_count:81 g30_count:574 invalid_count:1215 
9bc40e2d-1dfe-416c-9b80-b5fcda145057 has l30_count:0 g30_count:104 invalid_count:702 
7c2f4732-db3b-4b41-93ba-56d2903b3b59 has l30_count:0 g30_count:33 invalid_count:64 
1faa9a5e-a83d-4fa9-8ef2-e299592fcfcd has l30_count:16 g30_count:17 invalid_count:3 
518d9501-32c1-4355-a86f-673cc628a695 has l30_count:35 g30_count:2000 invalid_count:5179 
e39bc8fb-3909-4cc7-9b4e-4474c4d40a1a has l30_count:52 g30_count:414 invalid_count:467 
da047e71-c5cf-4944-b57c-84be5165f21e has l30_count:3 g30_count:12 invalid_count:120 
bf7f24cd-a928-4cdf-ad3d-f34d0ad10b81 has l30_count:3 g30_count:3 invalid_count:36 
bfed8ea5-a313-4dde-888f-29da5a975875 has l30_count:3 g30_count:40 invalid_count:38 
dddc5058-bb62-4711-90f2-43d50713c558 has l30_count:1 g30_count:145 invalid_count:1199 
646caf65-f9cd-4221-8b0b-a64126ead838 has l30_count:27 g30_count:658 invalid_count:1098 
9122fed5-9b6d-439f-ba45-e7159e47bd36 has l30_count:3 g30_count:354 invalid_count:3296 
f2f9cc8e-07d2-4df1-baf3-3931a3d880e8 has l30_count:13 g30_count:24 invalid_count:250 
68d6b197-06e4-4822-86e2-667afd13e496 has l30_count:0 g30_count:8 invalid_count:177 
bd315b9b-09c8-4d9b-ab1e-060523a308db has l30_count:598 g30_count:2965 invalid_count:6424 
3c50ba21-4d32-4af1-aaf6-a833b113f6a2 has l30_count:9 g30_count:12 invalid_count:84 
ed837e10-3781-4152-975f-67e1c3765aae has l30_count:6 g30_count:36 invalid_count:59 
d510e25d-c273-498b-bd33-e46d323d9587 has l30_count:0 g30_count:17 invalid_count:40 
c63c5be3-fa75-4df5-abd0-4dc600e82af5 has l30_count:3 g30_count:3 invalid_count:30 
de19ddb7-8bd6-45fd-81f0-f3bafedcd380 has l30_count:0 g30_count:21 invalid_count:45 
3beb63b7-3a93-4655-9af5-5280ce0e52ef has l30_count:9 g30_count:12 invalid_count:42 
d6a9ff15-79a0-4c04-a8f2-52e0cc78f19a has l30_count:3 g30_count:30 invalid_count:92 
7e5d9993-bc8a-4972-aeb4-d30de7bb8845 has l30_count:58 g30_count:785 invalid_count:3729 
fc4a077c-fa59-405e-871c-39575e02a142 has l30_count:12 g30_count:58 invalid_count:92 
d6462e50-4b00-4650-ab72-368f1b2fb3d5 has l30_count:294 g30_count:1546 invalid_count:3070 
16b1171c-6ecb-4fc4-b841-5a0d4e119b1f has l30_count:18 g30_count:581 invalid_count:1742 
e8f9ccf7-49d2-4a4d-a9b9-49ee338092f2 has l30_count:27 g30_count:389 invalid_count:1323 
6887d6fa-fedc-4d85-b484-2186f582a12f has l30_count:3 g30_count:711 invalid_count:48 
b17fbe29-8cba-4864-96b4-4b67be95ee4c has l30_count:98 g30_count:1066 invalid_count:3522 
2d8aac8a-c2ec-46ea-a00b-f7beda6adb46 has l30_count:75 g30_count:322 invalid_count:398 
f8208290-8f02-4f70-8cb4-ec89dafddaa0 has l30_count:0 g30_count:98 invalid_count:1025 
d8feb821-9052-436a-9de9-4494b775e7fb has l30_count:0 g30_count:11 invalid_count:86 
f076e6f8-387a-481a-9370-b45a701308cd has l30_count:3 g30_count:145 invalid_count:2670 
c7d1b8e0-809f-42ea-a97c-e57efba4ba4d has l30_count:0 g30_count:391 invalid_count:266 
dfe316a3-d3e8-4af7-a75c-9465c66921ca has l30_count:26 g30_count:382 invalid_count:3716 
699ae6be-7fd2-48e1-9e9c-0a129ac327c2 has l30_count:58 g30_count:561 invalid_count:1938 
62402784-6bbd-41bf-8342-020a7fdac7b0 has l30_count:330 g30_count:863 invalid_count:956 
8c4db6b9-9c9f-4367-9f35-ced98d370f6c has l30_count:0 g30_count:0 invalid_count:528 
95d0481c-fddd-4cb7-b895-6ae799a112e2 has l30_count:20 g30_count:375 invalid_count:446 
8850d28c-4c48-4c43-a4fd-67a946a29452 has l30_count:0 g30_count:29 invalid_count:58 
df32002f-5901-44ad-aeac-26b7f949565b has l30_count:0 g30_count:13 invalid_count:26 
ba133491-8794-47cb-988e-be4eb631fa5b has l30_count:389 g30_count:1658 invalid_count:4280 
a1958cef-1a13-4512-b235-6036c596a4e1 has l30_count:110 g30_count:254 invalid_count:1202 
cedfb576-d8ac-4c7e-bc81-8f1d4094e0d1 has l30_count:0 g30_count:30 invalid_count:151 
1e314cf9-4253-4c53-a1e4-faacd408efd1 has l30_count:3 g30_count:14 invalid_count:126 
56816a3f-3652-401e-9d22-3003599e1b5a has l30_count:32 g30_count:498 invalid_count:1272 
9f7f48c1-d129-4733-a309-019d49b852df has l30_count:295 g30_count:295 invalid_count:942 
39aceeca-cdc8-4f46-ac1a-c217ae93593c has l30_count:0 g30_count:132 invalid_count:401 
0db2e092-70d1-4ac1-b0a6-a3474e0e7d6c has l30_count:0 g30_count:268 invalid_count:1156 
fa5fbce2-1766-476c-a8e8-1fb345dcca7d has l30_count:0 g30_count:8 invalid_count:280 
23a03515-1094-4487-9e4c-0c93014bfc08 has l30_count:6 g30_count:29 invalid_count:42 
5812f58e-4d55-48d4-b08a-5ed5446c7793 has l30_count:0 g30_count:12 invalid_count:120 
32502aa7-d25d-4bd8-b82d-f09980ccb0b4 has l30_count:0 g30_count:496 invalid_count:209 
2b4b5081-a670-4361-8cc7-82a7bec73a6e has l30_count:323 g30_count:383 invalid_count:516 
0878b340-1b96-463a-950b-ef34da33334a has l30_count:32 g30_count:129 invalid_count:227 
150e3f64-a7e5-4880-b787-b4cf37ecadd5 has l30_count:96 g30_count:1664 invalid_count:1517 
fe679014-15d8-4c6b-b357-5449a623f699 has l30_count:0 g30_count:12 invalid_count:69 
06afa7a1-9590-4181-8a8a-44d5feda93f9 has l30_count:9 g30_count:40 invalid_count:49 
ace491d3-4092-44f5-b713-1f8a7aadb3ca has l30_count:3 g30_count:30 invalid_count:69 
cd46da8f-3991-465c-b5ee-a678cd462848 has l30_count:3 g30_count:35 invalid_count:49 
c6b0fae7-18d6-427b-af89-22d9050151d6 has l30_count:70 g30_count:421 invalid_count:400 
72435699-41f2-435a-8606-f5d295f9d9f5 has l30_count:3 g30_count:6 invalid_count:51 
8f418cfe-5c07-4e26-860b-97f36cddf7cf has l30_count:6 g30_count:6 invalid_count:40 
8e658188-bf4e-488e-9201-9ba32188da54 has l30_count:0 g30_count:704 invalid_count:643 
59c76c8c-39d6-4d97-8031-d6290468960f has l30_count:0 g30_count:130 invalid_count:1562 
4473e3fa-1914-4c46-af25-4a72fca6b069 has l30_count:9 g30_count:22 invalid_count:54 
a5da5b46-5131-455f-b06d-0ac74fab744a has l30_count:10 g30_count:575 invalid_count:1902 
6e14f07a-f519-4bfd-b034-a3c6d85781fc has l30_count:3 g30_count:37 invalid_count:110 
d06eca35-0ddf-44d5-a401-8a107a3ae79f has l30_count:0 g30_count:506 invalid_count:232 
744a77b5-eee6-426a-9372-d68d98cc80c9 has l30_count:33 g30_count:77 invalid_count:3053 
2e5a1142-df2b-448c-8f9b-a02f42f310d0 has l30_count:12 g30_count:38 invalid_count:122 
0888865e-e43a-41a9-b6f1-7e0a4ee42b96 has l30_count:2 g30_count:13 invalid_count:10 
94ffa17c-57a2-4f99-b5a0-3c3c7d65b4fa has l30_count:15 g30_count:12 invalid_count:52 
e871fcc1-a550-4f43-8f46-4fb28f3b1a86 has l30_count:3 g30_count:12 invalid_count:67 
35f8e959-70af-4de0-bde0-9b3e8837590d has l30_count:70 g30_count:2365 invalid_count:1309 
077ba4fa-9735-40a9-83c9-2ec95cea9f50 has l30_count:24 g30_count:828 invalid_count:5407 
a43d7d7b-d062-48e4-97c4-ec0dfed2ff48 has l30_count:0 g30_count:203 invalid_count:388 
1ed7d58e-8e3e-4332-8cbf-0bb21883f4c3 has l30_count:93 g30_count:783 invalid_count:2056 
24d3804d-d586-49f0-8533-ab741cd338c2 has l30_count:1 g30_count:0 invalid_count:347 
dc7d3e8f-c85c-4332-a735-6597789d08c1 has l30_count:3 g30_count:41 invalid_count:43 
edeb39b8-b05b-4e69-ad33-c349476456a8 has l30_count:0 g30_count:269 invalid_count:634 
9c67a6db-9a8c-4bf7-8394-85cb4fda13d5 has l30_count:19 g30_count:339 invalid_count:1975 
497bd1b9-9e75-4d27-9465-2ce22772bece has l30_count:82 g30_count:597 invalid_count:292 
6f34ef78-d0b9-47f1-831a-d1a6d64bb0f3 has l30_count:16 g30_count:480 invalid_count:991 
f28e15b9-da35-435c-ae23-236ab847d974 has l30_count:128 g30_count:572 invalid_count:1090 
6dd38495-d2a2-4f70-aab3-d130915e53ae has l30_count:105 g30_count:905 invalid_count:2420 
b6ba81f0-d932-49b8-bfe5-068450e0a78d has l30_count:151 g30_count:1080 invalid_count:688 
7029f5fe-ba24-4802-8662-5ab8dc2655dd has l30_count:3 g30_count:12 invalid_count:62 
11a75b0e-ab61-4ddf-b853-b2a5b943bd66 has l30_count:1 g30_count:70 invalid_count:679 
d19126ca-2bbd-45a2-8c68-fc9a49aef6e9 has l30_count:100 g30_count:41 invalid_count:1630 
2e5ae555-4616-4d49-a754-d938cce8584b has l30_count:0 g30_count:22 invalid_count:17 
6fed0b7c-e5f1-4db3-8a4f-228b84077250 has l30_count:63 g30_count:445 invalid_count:2604 
8b067d13-1a87-4763-8d88-5c20a4084508 has l30_count:0 g30_count:0 invalid_count:287 
33a56d55-3df7-4493-bec7-66e2843be422 has l30_count:10 g30_count:353 invalid_count:2117 
733ac417-cfbd-4a6c-a1bb-22f4ce1d76a4 has l30_count:5 g30_count:48 invalid_count:84 
cbe5e4f8-c4c6-4b20-9fc4-c09906038702 has l30_count:668 g30_count:2661 invalid_count:1389 
58486b2e-8117-4a50-8549-5b4218d321fc has l30_count:0 g30_count:409 invalid_count:602 
10e4d2f9-11bb-47ca-b05d-cc7af88063d0 has l30_count:0 g30_count:263 invalid_count:397 
19446064-b123-4568-a29e-4e15da13fa29 has l30_count:20 g30_count:388 invalid_count:3936 
48d3c3a6-618d-40ec-aa6f-c6accedf85fb has l30_count:17 g30_count:300 invalid_count:319 
7b3a81e2-38c6-4fe4-8de3-b736e8bf1d0b has l30_count:6 g30_count:15 invalid_count:60 
eaf0af38-36c2-4944-8df3-8d9330f2a8b8 has l30_count:0 g30_count:345 invalid_count:849 
367bd758-574f-47e4-976d-817e784ae010 has l30_count:3 g30_count:30 invalid_count:100 
89e7ac14-d3d5-4648-bd45-0aca2ca0ad07 has l30_count:58 g30_count:1319 invalid_count:720 
c151cd7f-9148-410b-82c5-d69fabc1b3a9 has l30_count:148 g30_count:1550 invalid_count:1746 
4ff2106c-a90f-433f-b4df-8dd96ca552ed has l30_count:8 g30_count:425 invalid_count:2284 
d7b6aa4e-6a54-48b9-8f1e-db30c8249382 has l30_count:0 g30_count:52 invalid_count:128 
58021698-9256-4a6e-b35c-202da38aba83 has l30_count:9 g30_count:3 invalid_count:52 
c681dbd0-7814-4e91-9012-28b435b9a23e has l30_count:5 g30_count:884 invalid_count:875 
17b1f70f-c3f3-44d6-aac8-34bdd6305dcf has l30_count:76 g30_count:775 invalid_count:261 
5efb809f-6083-4adb-be29-02fe66ec7087 has l30_count:86 g30_count:516 invalid_count:3109 
8fa2024f-e2da-4a1a-8fd0-d8083ee25454 has l30_count:37 g30_count:343 invalid_count:1883 
3d260405-06b0-4e99-ac52-689ab649563f has l30_count:9 g30_count:30 invalid_count:60 
28895e64-7190-43c9-85fd-bffb74857ba9 has l30_count:3 g30_count:444 invalid_count:380 
c41409e0-4f5b-4eae-9c55-109a597d14f1 has l30_count:0 g30_count:10 invalid_count:65 
1018b677-d055-4dae-bc7f-ac03837f3e0f has l30_count:148 g30_count:722 invalid_count:1075 
6e6fb54c-d3b2-4407-8eaf-d172d55b0289 has l30_count:6 g30_count:18 invalid_count:143 
26a9083f-e1dc-4b62-bd4a-c5b813a79133 has l30_count:13 g30_count:79 invalid_count:426 
be99d307-3fde-4ea1-8931-7790a00943e9 has l30_count:217 g30_count:1104 invalid_count:1510 
3377813e-f4f9-4b42-8b05-44ea06845b6a has l30_count:157 g30_count:601 invalid_count:1677 
9b71a10c-73a2-4b6a-bc4d-b73c68f8a05d has l30_count:3 g30_count:18 invalid_count:29 
757d6ced-1632-4f35-8e0a-5ed5a9273a8a has l30_count:0 g30_count:216 invalid_count:566 
2b1e448a-7d15-4c23-a42d-3941c533ffef has l30_count:107 g30_count:1994 invalid_count:2006 
b1ec2dbb-2016-42e9-895e-ca4eb637839a has l30_count:6 g30_count:36 invalid_count:78 
88211d86-1770-4296-b839-a290f888b95d has l30_count:83 g30_count:280 invalid_count:96 
5fcb8b2b-fa0d-4f77-846e-a6eeda34195b has l30_count:12 g30_count:14 invalid_count:51 
4eda6e18-2176-4e2c-8567-b4d9ed2d2eac has l30_count:5 g30_count:9 invalid_count:22 
0c7c96ce-a181-49d6-b15c-0139440c05dd has l30_count:0 g30_count:30 invalid_count:70 
6610d04e-ca74-493b-bb9d-2123cbc274b8 has l30_count:6 g30_count:39 invalid_count:81 
ccbcf2e0-d7f3-40d1-b1e6-0f19a5664971 has l30_count:0 g30_count:203 invalid_count:2506 
2dbda8c2-878a-41b6-a737-4a6a679ef29b has l30_count:3 g30_count:21 invalid_count:99 
10bb16ec-f081-4adc-abcc-22e503156f92 has l30_count:44 g30_count:341 invalid_count:1079 
0b644c09-b313-4a15-beeb-1f9386bea084 has l30_count:104 g30_count:1577 invalid_count:782 
5a6185da-99b0-4fa3-b378-14623386a74a has l30_count:6 g30_count:158 invalid_count:2363 
4012160e-b2dd-4129-a4d3-d29fe837300e has l30_count:39 g30_count:264 invalid_count:233 
14daa731-13d1-4620-be77-bf0ae3ebc03d has l30_count:3 g30_count:18 invalid_count:53 
a561b6fa-a2fe-4b1e-b946-b330e7db6a15 has l30_count:0 g30_count:6 invalid_count:36 
a265497f-1e8b-4448-92ff-773ba3e3b470 has l30_count:0 g30_count:36 invalid_count:1084 
e6e47a9f-0aa8-4978-93da-5eb06b568558 has l30_count:3 g30_count:15 invalid_count:108 
18a14b08-aeb2-4cb0-b75d-5d9630aa7344 has l30_count:0 g30_count:90 invalid_count:190 
c29b2d2f-36cf-456e-a27e-4986869255f3 has l30_count:17 g30_count:481 invalid_count:2739 
fa99184a-c548-4fec-8c7c-5013154f0a16 has l30_count:71 g30_count:760 invalid_count:927 
427f89de-24ca-4e24-8abf-8db0a14e01a6 has l30_count:0 g30_count:302 invalid_count:471 
052ce135-898b-483b-92e0-f65e761180aa has l30_count:51 g30_count:216 invalid_count:323 
2437cfea-1751-4a4b-b5e6-a209bb83b552 has l30_count:162 g30_count:162 invalid_count:1201 
96c9787b-8d72-49ee-9208-e13cede285e7 has l30_count:0 g30_count:356 invalid_count:341 
45339536-8c62-4208-9fe5-49113a8d1296 has l30_count:81 g30_count:141 invalid_count:265 
89a928ab-30d9-497f-88d9-a310ed3a5569 has l30_count:0 g30_count:83 invalid_count:800 
4407095a-fd54-45c8-8be9-886782a60d69 has l30_count:6 g30_count:30 invalid_count:47 
f7901e97-1f1d-4a93-943f-c6e2b4d78202 has l30_count:23 g30_count:510 invalid_count:680 
e4501c7e-e2d8-4621-8a64-e591b0922c99 has l30_count:0 g30_count:6 invalid_count:21 
6857c3c0-8d09-4ade-aefd-7cdb9aeb9ef4 has l30_count:105 g30_count:1677 invalid_count:2842 
e082168d-808c-423e-a081-ba72cfbe56e8 has l30_count:3 g30_count:12 invalid_count:111 
9ea0f8f5-5019-4b80-9d1c-e9d4b2f14423 has l30_count:23 g30_count:98 invalid_count:4591 
fe31558b-907f-4684-ba26-518e94b8a61a has l30_count:38 g30_count:255 invalid_count:270 
59545623-b345-43ff-867e-6dd54bbc5b62 has l30_count:22 g30_count:1802 invalid_count:1296 
9a66f95e-062d-4570-a383-7841a1519ab1 has l30_count:0 g30_count:35 invalid_count:3411 
b0a9faeb-8c62-456a-bcc6-86af907a9235 has l30_count:37 g30_count:242 invalid_count:1733 
00aef13d-6c0f-4b63-8192-2bbeaba11ed5 has l30_count:256 g30_count:382 invalid_count:376 
ede8445c-52ca-4fb5-8f3b-c355328d98a9 has l30_count:42 g30_count:494 invalid_count:366 
552773af-ef89-4cc1-aee8-cec06ebf82c4 has l30_count:7 g30_count:588 invalid_count:51 
0a555667-713d-44dd-afab-075ad07e136d has l30_count:741 g30_count:2529 invalid_count:804 
e4b4ee82-3d7c-4259-b0e6-81dec3f43310 has l30_count:215 g30_count:408 invalid_count:463 
a9fd36f2-21fa-42f4-8421-637f5dfa2d88 has l30_count:0 g30_count:139 invalid_count:143 
7d06e9d8-b4de-4dd5-8564-7f78de5bbceb has l30_count:107 g30_count:986 invalid_count:731 
b54ed60e-cb01-4475-b2ac-d56c67b8b8b5 has l30_count:410 g30_count:1177 invalid_count:224 
c4aa2453-45c3-41a3-b9f8-abbea91e07be has l30_count:0 g30_count:711 invalid_count:1053 
c3dca835-70ac-4a34-8771-7276f16473d0 has l30_count:22 g30_count:560 invalid_count:4571 
797db19a-2570-48fe-b6fa-91448c50f01f has l30_count:71 g30_count:107 invalid_count:3165 
5aaa327c-27ef-4ff5-b3f5-3304ad4c76c1 has l30_count:36 g30_count:6 invalid_count:493 
134ff9a7-1e7a-407a-9e6c-4febda6cfac3 has l30_count:155 g30_count:1279 invalid_count:1746 
1ac61a24-6338-4a17-acee-ec524fbfa46d has l30_count:396 g30_count:2211 invalid_count:3992 
00f64eaf-f950-4e91-b327-d796fe1b4d65 has l30_count:93 g30_count:358 invalid_count:937 
a89aa0eb-9f14-45a0-b996-7b46d81a7ad4 has l30_count:273 g30_count:1957 invalid_count:1980 
8445a2c8-e16e-48a4-8b60-9b589b226530 has l30_count:71 g30_count:599 invalid_count:835 
c66e6927-b42e-4ed9-a093-e7b5dde52c8a has l30_count:136 g30_count:688 invalid_count:2181 
6640a9ec-9028-4246-8f3d-e554b2d15a6b has l30_count:263 g30_count:1149 invalid_count:1870 
5944190e-2e68-4c57-afd7-cd31b7cb6142 has l30_count:57 g30_count:2291 invalid_count:2487 
